<?xml version="1.0" encoding="UTF-8"?>
<testng-results ignored="0" total="14" passed="14" failed="0" skipped="0">
  <reporter-output>
  </reporter-output>
  <suite started-at="2023-06-13T10:48:37 PDT" name="TutorialsNinjaCucumberSuite" finished-at="2023-06-13T10:50:39 PDT" duration-ms="122860">
    <groups>
      <group name="cucumber">
        <method signature="AbstractTestNGCucumberTests.runScenario(io.cucumber.testng.PickleWrapper,io.cucumber.testng.FeatureWrapper)[pri:0, instance:ninja_runner.Ninja_Runner_TestNG@563f38c4]" name="runScenario" class="io.cucumber.testng.AbstractTestNGCucumberTests"/>
      </group> <!-- cucumber -->
    </groups>
    <test started-at="2023-06-13T10:48:37 PDT" name="TutorialsNinjaCucumberTest" finished-at="2023-06-13T10:50:39 PDT" duration-ms="122860">
      <class name="ninja_runner.Ninja_Runner_TestNG">
        <test-method is-config="true" signature="setUpClass(org.testng.ITestContext)[pri:0, instance:ninja_runner.Ninja_Runner_TestNG@563f38c4]" started-at="2023-06-13T10:48:37 PDT" name="setUpClass" finished-at="2023-06-13T10:48:37 PDT" duration-ms="556" status="PASS">
          <params>
            <param index="0">
              <value>
                <![CDATA[org.testng.TestRunner@3cfab340]]>
              </value>
            </param>
          </params>
          <reporter-output>
          </reporter-output>
        </test-method> <!-- setUpClass -->
        <test-method signature="runScenario(io.cucumber.testng.PickleWrapper,io.cucumber.testng.FeatureWrapper)[pri:0, instance:ninja_runner.Ninja_Runner_TestNG@563f38c4]" started-at="2023-06-13T10:48:37 PDT" name="runScenario" description="Runs Cucumber Scenarios" data-provider="scenarios" finished-at="2023-06-13T10:48:59 PDT" duration-ms="22140" status="PASS">
          <params>
            <param index="0">
              <value>
                <![CDATA["Currency Converter Functionality of Tutorials Ninja"]]>
              </value>
            </param>
            <param index="1">
              <value>
                <![CDATA["Functionality of Tutorials Ninja Currency Converter"]]>
              </value>
            </param>
          </params>
          <reporter-output>
          </reporter-output>
        </test-method> <!-- runScenario -->
        <test-method signature="runScenario(io.cucumber.testng.PickleWrapper,io.cucumber.testng.FeatureWrapper)[pri:0, instance:ninja_runner.Ninja_Runner_TestNG@563f38c4]" started-at="2023-06-13T10:48:59 PDT" name="runScenario" description="Runs Cucumber Scenarios" data-provider="scenarios" finished-at="2023-06-13T10:49:04 PDT" duration-ms="5128" status="PASS">
          <params>
            <param index="0">
              <value>
                <![CDATA["Validate Landing Page with Featured Advertisement Displayed"]]>
              </value>
            </param>
            <param index="1">
              <value>
                <![CDATA["Validity of Tutorials Ninja Landing Page"]]>
              </value>
            </param>
          </params>
          <reporter-output>
          </reporter-output>
        </test-method> <!-- runScenario -->
        <test-method signature="runScenario(io.cucumber.testng.PickleWrapper,io.cucumber.testng.FeatureWrapper)[pri:0, instance:ninja_runner.Ninja_Runner_TestNG@563f38c4]" started-at="2023-06-13T10:49:04 PDT" name="runScenario" description="Runs Cucumber Scenarios" data-provider="scenarios" finished-at="2023-06-13T10:49:16 PDT" duration-ms="11463" status="PASS">
          <params>
            <param index="0">
              <value>
                <![CDATA["Validate functionality of Tutorials Ninja Links"]]>
              </value>
            </param>
            <param index="1">
              <value>
                <![CDATA["Functionality of Tutorials Ninja Links"]]>
              </value>
            </param>
          </params>
          <reporter-output>
          </reporter-output>
        </test-method> <!-- runScenario -->
        <test-method signature="runScenario(io.cucumber.testng.PickleWrapper,io.cucumber.testng.FeatureWrapper)[pri:0, instance:ninja_runner.Ninja_Runner_TestNG@563f38c4]" started-at="2023-06-13T10:49:16 PDT" name="runScenario" description="Runs Cucumber Scenarios" data-provider="scenarios" finished-at="2023-06-13T10:49:23 PDT" duration-ms="7327" status="PASS">
          <params>
            <param index="0">
              <value>
                <![CDATA["Login to TutorialsNinja with Valid Credentials"]]>
              </value>
            </param>
            <param index="1">
              <value>
                <![CDATA["Login Functionality of Tutorials Ninja"]]>
              </value>
            </param>
          </params>
          <reporter-output>
          </reporter-output>
        </test-method> <!-- runScenario -->
        <test-method signature="runScenario(io.cucumber.testng.PickleWrapper,io.cucumber.testng.FeatureWrapper)[pri:0, instance:ninja_runner.Ninja_Runner_TestNG@563f38c4]" started-at="2023-06-13T10:49:23 PDT" name="runScenario" description="Runs Cucumber Scenarios" data-provider="scenarios" finished-at="2023-06-13T10:49:34 PDT" duration-ms="10995" status="PASS">
          <params>
            <param index="0">
              <value>
                <![CDATA["Login to TutorialsNinja with Invalid Credentials"]]>
              </value>
            </param>
            <param index="1">
              <value>
                <![CDATA["Login Functionality of Tutorials Ninja"]]>
              </value>
            </param>
          </params>
          <reporter-output>
          </reporter-output>
        </test-method> <!-- runScenario -->
        <test-method signature="runScenario(io.cucumber.testng.PickleWrapper,io.cucumber.testng.FeatureWrapper)[pri:0, instance:ninja_runner.Ninja_Runner_TestNG@563f38c4]" started-at="2023-06-13T10:49:34 PDT" name="runScenario" description="Runs Cucumber Scenarios" data-provider="scenarios" finished-at="2023-06-13T10:49:41 PDT" duration-ms="6542" status="PASS">
          <params>
            <param index="0">
              <value>
                <![CDATA["Login to TutorialsNinja with Valid Email and Invalid Password"]]>
              </value>
            </param>
            <param index="1">
              <value>
                <![CDATA["Login Functionality of Tutorials Ninja"]]>
              </value>
            </param>
          </params>
          <reporter-output>
          </reporter-output>
        </test-method> <!-- runScenario -->
        <test-method signature="runScenario(io.cucumber.testng.PickleWrapper,io.cucumber.testng.FeatureWrapper)[pri:0, instance:ninja_runner.Ninja_Runner_TestNG@563f38c4]" started-at="2023-06-13T10:49:41 PDT" name="runScenario" description="Runs Cucumber Scenarios" data-provider="scenarios" finished-at="2023-06-13T10:49:47 PDT" duration-ms="6652" status="PASS">
          <params>
            <param index="0">
              <value>
                <![CDATA["Login to TutorialsNinja with Invalid Email andnvalid Password"]]>
              </value>
            </param>
            <param index="1">
              <value>
                <![CDATA["Login Functionality of Tutorials Ninja"]]>
              </value>
            </param>
          </params>
          <reporter-output>
          </reporter-output>
        </test-method> <!-- runScenario -->
        <test-method signature="runScenario(io.cucumber.testng.PickleWrapper,io.cucumber.testng.FeatureWrapper)[pri:0, instance:ninja_runner.Ninja_Runner_TestNG@563f38c4]" started-at="2023-06-13T10:49:47 PDT" name="runScenario" description="Runs Cucumber Scenarios" data-provider="scenarios" finished-at="2023-06-13T10:49:57 PDT" duration-ms="9128" status="PASS">
          <params>
            <param index="0">
              <value>
                <![CDATA["Login to TutorialsNinja without Credentials"]]>
              </value>
            </param>
            <param index="1">
              <value>
                <![CDATA["Login Functionality of Tutorials Ninja"]]>
              </value>
            </param>
          </params>
          <reporter-output>
          </reporter-output>
        </test-method> <!-- runScenario -->
        <test-method signature="runScenario(io.cucumber.testng.PickleWrapper,io.cucumber.testng.FeatureWrapper)[pri:0, instance:ninja_runner.Ninja_Runner_TestNG@563f38c4]" started-at="2023-06-13T10:49:57 PDT" name="runScenario" description="Runs Cucumber Scenarios" data-provider="scenarios" finished-at="2023-06-13T10:50:04 PDT" duration-ms="7047" status="PASS">
          <params>
            <param index="0">
              <value>
                <![CDATA["I Create An Account With Mandotory Fields"]]>
              </value>
            </param>
            <param index="1">
              <value>
                <![CDATA["Registration Functionality of TutorialsNinja"]]>
              </value>
            </param>
          </params>
          <reporter-output>
          </reporter-output>
        </test-method> <!-- runScenario -->
        <test-method signature="runScenario(io.cucumber.testng.PickleWrapper,io.cucumber.testng.FeatureWrapper)[pri:0, instance:ninja_runner.Ninja_Runner_TestNG@563f38c4]" started-at="2023-06-13T10:50:04 PDT" name="runScenario" description="Runs Cucumber Scenarios" data-provider="scenarios" finished-at="2023-06-13T10:50:10 PDT" duration-ms="6701" status="PASS">
          <params>
            <param index="0">
              <value>
                <![CDATA["I Create An Account With All The Fields"]]>
              </value>
            </param>
            <param index="1">
              <value>
                <![CDATA["Registration Functionality of TutorialsNinja"]]>
              </value>
            </param>
          </params>
          <reporter-output>
          </reporter-output>
        </test-method> <!-- runScenario -->
        <test-method signature="runScenario(io.cucumber.testng.PickleWrapper,io.cucumber.testng.FeatureWrapper)[pri:0, instance:ninja_runner.Ninja_Runner_TestNG@563f38c4]" started-at="2023-06-13T10:50:10 PDT" name="runScenario" description="Runs Cucumber Scenarios" data-provider="scenarios" finished-at="2023-06-13T10:50:18 PDT" duration-ms="7606" status="PASS">
          <params>
            <param index="0">
              <value>
                <![CDATA["I Create A Duplicate Account"]]>
              </value>
            </param>
            <param index="1">
              <value>
                <![CDATA["Registration Functionality of TutorialsNinja"]]>
              </value>
            </param>
          </params>
          <reporter-output>
          </reporter-output>
        </test-method> <!-- runScenario -->
        <test-method signature="runScenario(io.cucumber.testng.PickleWrapper,io.cucumber.testng.FeatureWrapper)[pri:0, instance:ninja_runner.Ninja_Runner_TestNG@563f38c4]" started-at="2023-06-13T10:50:18 PDT" name="runScenario" description="Runs Cucumber Scenarios" data-provider="scenarios" finished-at="2023-06-13T10:50:25 PDT" duration-ms="7231" status="PASS">
          <params>
            <param index="0">
              <value>
                <![CDATA["I Create An Account Without Filling Any Fields"]]>
              </value>
            </param>
            <param index="1">
              <value>
                <![CDATA["Registration Functionality of TutorialsNinja"]]>
              </value>
            </param>
          </params>
          <reporter-output>
          </reporter-output>
        </test-method> <!-- runScenario -->
        <test-method signature="runScenario(io.cucumber.testng.PickleWrapper,io.cucumber.testng.FeatureWrapper)[pri:0, instance:ninja_runner.Ninja_Runner_TestNG@563f38c4]" started-at="2023-06-13T10:50:25 PDT" name="runScenario" description="Runs Cucumber Scenarios" data-provider="scenarios" finished-at="2023-06-13T10:50:31 PDT" duration-ms="6134" status="PASS">
          <params>
            <param index="0">
              <value>
                <![CDATA["Search with a valid product"]]>
              </value>
            </param>
            <param index="1">
              <value>
                <![CDATA["Search Functionality of Turorials Ninja with Valid and Invalid Product"]]>
              </value>
            </param>
          </params>
          <reporter-output>
          </reporter-output>
        </test-method> <!-- runScenario -->
        <test-method signature="runScenario(io.cucumber.testng.PickleWrapper,io.cucumber.testng.FeatureWrapper)[pri:0, instance:ninja_runner.Ninja_Runner_TestNG@563f38c4]" started-at="2023-06-13T10:50:31 PDT" name="runScenario" description="Runs Cucumber Scenarios" data-provider="scenarios" finished-at="2023-06-13T10:50:37 PDT" duration-ms="5685" status="PASS">
          <params>
            <param index="0">
              <value>
                <![CDATA["Search with an invalid product"]]>
              </value>
            </param>
            <param index="1">
              <value>
                <![CDATA["Search Functionality of Turorials Ninja with Valid and Invalid Product"]]>
              </value>
            </param>
          </params>
          <reporter-output>
          </reporter-output>
        </test-method> <!-- runScenario -->
        <test-method is-config="true" signature="tearDownClass()[pri:0, instance:ninja_runner.Ninja_Runner_TestNG@563f38c4]" started-at="2023-06-13T10:50:37 PDT" name="tearDownClass" finished-at="2023-06-13T10:50:39 PDT" duration-ms="2472" status="PASS">
          <reporter-output>
          </reporter-output>
        </test-method> <!-- tearDownClass -->
      </class> <!-- ninja_runner.Ninja_Runner_TestNG -->
    </test> <!-- TutorialsNinjaCucumberTest -->
  </suite> <!-- TutorialsNinjaCucumberSuite -->
</testng-results>
